0 info it worked if it ends with ok
1 verbose cli [ '/Users/chrisbarrett/.nvm/versions/node/v0.12.3/bin/node',
1 verbose cli   '/Users/chrisbarrett/.nvm/versions/node/v0.12.3/bin/npm',
1 verbose cli   'install',
1 verbose cli   'angularfire#1.2.0' ]
2 info using npm@2.9.1
3 info using node@v0.12.3
4 verbose install initial load of /Users/chrisbarrett/workspace/localnoise/lib/package.json
5 warn package.json lib@1.0.0 No description
6 warn package.json lib@1.0.0 No repository field.
7 warn package.json lib@1.0.0 No README data
8 verbose installManyTop reading scoped package data from /Users/chrisbarrett/workspace/localnoise/lib/node_modules/angular/package.json
9 verbose installManyTop reading scoped package data from /Users/chrisbarrett/workspace/localnoise/lib/node_modules/angular-route/package.json
10 verbose installManyTop reading scoped package data from /Users/chrisbarrett/workspace/localnoise/lib/node_modules/gulp/package.json
11 verbose installManyTop reading scoped package data from /Users/chrisbarrett/workspace/localnoise/lib/node_modules/gulp-jshint/package.json
12 verbose installManyTop reading scoped package data from /Users/chrisbarrett/workspace/localnoise/lib/node_modules/gulp-sass/package.json
13 verbose installManyTop reading scoped package data from /Users/chrisbarrett/workspace/localnoise/lib/node_modules/gulp-watch/package.json
14 verbose installManyTop reading scoped package data from /Users/chrisbarrett/workspace/localnoise/lib/node_modules/jquery/package.json
15 verbose installManyTop reading scoped package data from /Users/chrisbarrett/workspace/localnoise/lib/node_modules/jshint/package.json
16 verbose installManyTop reading scoped package data from /Users/chrisbarrett/workspace/localnoise/lib/node_modules/jshint-stylish/package.json
17 verbose installManyTop reading scoped package data from /Users/chrisbarrett/workspace/localnoise/lib/node_modules/sass/package.json
18 verbose installManyTop reading scoped package data from /Users/chrisbarrett/workspace/localnoise/lib/node_modules/watchify/package.json
19 warn package.json sass@0.5.0 No repository field.
20 verbose readDependencies loading dependencies from /Users/chrisbarrett/workspace/localnoise/lib/package.json
21 silly cache add args [ 'angularfire#1.2.0', null ]
22 verbose cache add spec angularfire#1.2.0
23 silly cache add parsed spec { raw: 'angularfire#1.2.0',
23 silly cache add   scope: null,
23 silly cache add   name: null,
23 silly cache add   rawSpec: 'angularfire#1.2.0',
23 silly cache add   spec: '/Users/chrisbarrett/workspace/localnoise/lib/angularfire#1.2.0',
23 silly cache add   type: 'local' }
24 error addLocal Could not install /Users/chrisbarrett/workspace/localnoise/lib/angularfire#1.2.0
25 verbose stack Error: ENOENT, open '/Users/chrisbarrett/workspace/localnoise/lib/angularfire#1.2.0'
25 verbose stack     at Error (native)
26 verbose cwd /Users/chrisbarrett/workspace/localnoise/lib
27 error Darwin 15.4.0
28 error argv "/Users/chrisbarrett/.nvm/versions/node/v0.12.3/bin/node" "/Users/chrisbarrett/.nvm/versions/node/v0.12.3/bin/npm" "install" "angularfire#1.2.0"
29 error node v0.12.3
30 error npm  v2.9.1
31 error path /Users/chrisbarrett/workspace/localnoise/lib/angularfire#1.2.0
32 error code ENOENT
33 error errno -2
34 error enoent ENOENT, open '/Users/chrisbarrett/workspace/localnoise/lib/angularfire#1.2.0'
34 error enoent This is most likely not a problem with npm itself
34 error enoent and is related to npm not being able to find a file.
35 verbose exit [ -2, true ]
